<?xml version="1.0" encoding="UTF-8"?>
<!-- Generated by org.testng.reporters.JUnitReportReporter -->
<testsuite name="com.assignment1.testng.Assignment1" tests="6" time="7.751" ignored="0" failures="0" timestamp="02 Dec 2020 07:16:59 GMT" skipped="0" hostname="MacBook.fios-router.home" errors="0">
  <testcase name="forminputdata" time="0.001" classname="com.assignment1.testng.Assignment1"/>
  <testcase name="forminputdata" time="0.001" classname="com.assignment1.testng.Assignment1"/>
  <testcase name="forminputdata" time="0.009" classname="com.assignment1.testng.Assignment1"/>
  <testcase name="forminputdata" time="0.001" classname="com.assignment1.testng.Assignment1"/>
  <testcase name="action1" time="7.738" classname="com.assignment1.testng.Assignment1"/>
  <testcase name="forminputdata" time="0.001" classname="com.assignment1.testng.Assignment1"/>
</testsuite> <!-- com.assignment1.testng.Assignment1 -->
