<?xml version="1.0" encoding="UTF-8"?>
<!-- Generated by org.testng.reporters.JUnitReportReporter -->
<testsuite name="com.assignment2.testng.weblinksassignment2" tests="1" time="30.686" ignored="0" failures="0" timestamp="03 Dec 2020 06:26:12 GMT" skipped="0" hostname="MacBook.fios-router.home" errors="0">
  <testcase name="checklinks" time="30.686" classname="com.assignment2.testng.weblinksassignment2"/>
</testsuite> <!-- com.assignment2.testng.weblinksassignment2 -->
